<?xml version="1.0" encoding="UTF-8"?>
<testsuite xmlns:xsi="http://www.w3.org/2001/XMLSchema-instance" xsi:noNamespaceSchemaLocation="https://maven.apache.org/surefire/maven-surefire-plugin/xsd/surefire-test-report-3.0.xsd" version="3.0" name="com.oose.dea.PlaylistDAOTest" time="1.427" tests="6" errors="0" skipped="0" failures="0">
  <properties>
[...]
</properties>
  <testcase name="getTracksByPlaylistIdTest" classname="com.oose.dea.PlaylistDAOTest" time="1.412"/>
  <testcase name="getAllTracksTest" classname="com.oose.dea.PlaylistDAOTest" time="0.001"/>
  <testcase name="getPlaylistsTest" classname="com.oose.dea.PlaylistDAOTest" time="0.002"/>
  <testcase name="deleteSongFromPlaylistTest" classname="com.oose.dea.PlaylistDAOTest" time="0.001"/>
  <testcase name="getPlaylistByIdTest" classname="com.oose.dea.PlaylistDAOTest" time="0.003"/>
  <testcase name="getTotalDurationTest" classname="com.oose.dea.PlaylistDAOTest" time="0.002"/>
</testsuite>